#
# A fatal error has been detected by the Java Runtime Environment:
#
#  EXCEPTION_ACCESS_VIOLATION (0xc0000005) at pc=0x000000001cb41440, pid=4428, tid=0x0000000000000420
#
# JRE version: Java(TM) SE Runtime Environment (8.0_144-b01) (build 1.8.0_144-b01)
# Java VM: Java HotSpot(TM) 64-Bit Server VM (25.144-b01 mixed mode windows-amd64 compressed oops)
# Problematic frame:
# C  0x000000001cb41440
#
# Failed to write core dump. Minidumps are not enabled by default on client versions of Windows
#
# If you would like to submit a bug report, please visit:
#   http://bugreport.java.com/bugreport/crash.jsp
#

---------------  T H R E A D  ---------------

Current thread (0x00000000144a6000):  JavaThread "C2 CompilerThread0" daemon [_thread_in_native, id=1056, stack(0x0000000016110000,0x0000000016210000)]

siginfo: ExceptionCode=0xc0000005, ExceptionInformation=0x0000000000000008 0x000000001cb41440

Registers:
RAX=0x000000001cb419b0, RBX=0x000000001cb41968, RCX=0x000000001cb41968, RDX=0x0000000017e63560
RSP=0x000000001620bba8, RBP=0x000000001620bc20, RSI=0x0000000000000010, RDI=0x0000000000000049
R8 =0x00000000000000c1, R9 =0x0000000000000002, R10=0x000000001aca19d8, R11=0x0000000017e63da0
R12=0x0000000000000002, R13=0x0000000000000003, R14=0x000000001cb40d48, R15=0x000000001ae41588
RIP=0x000000001cb41440, EFLAGS=0x0000000000010202

Top of Stack: (sp=0x000000001620bba8)
0x000000001620bba8:   000000005e4a25c6 000000001cdfe9d0
0x000000001620bbb8:   000000001620bc20 0000000000000008
0x000000001620bbc8:   000000005e53775c 0000000000040298
0x000000001620bbd8:   0000000017e668f8 0000000014494530
0x000000001620bbe8:   0000000000000080 0000000017e63d60
0x000000001620bbf8:   000000000000004a 000000005e6b8328
0x000000001620bc08:   0000000014494530 0000000000000200
0x000000001620bc18:   0000000017e63560 0000000017e668f8
0x000000001620bc28:   0000000000000047 000000001620c950
0x000000001620bc38:   000000001ae41500 000000001ae41588
0x000000001620bc48:   0000000000000000 000000001620c950
0x000000001620bc58:   000000005e4a4ca9 0000000014494530
0x000000001620bc68:   0000000000000002 0000000017e5e910
0x000000001620bc78:   0000000017e63530 000000001aca1b60
0x000000001620bc88:   000000001aac8360 000000001620c950
0x000000001620bc98:   000000005e537394 0000000000000001 

Instructions: (pc=0x000000001cb41440)
0x000000001cb41420:   c8 0d b4 1c 00 00 00 00 70 34 0e 1a 00 00 00 00
0x000000001cb41430:   70 34 0e 1a 00 00 00 00 70 34 0e 1a 00 00 00 00
0x000000001cb41440:   38 4e 6b 5e 00 00 00 00 70 14 b4 1c 00 00 00 00
0x000000001cb41450:   78 15 b4 1c 00 00 00 00 04 00 00 00 04 00 00 00 


Register to memory mapping:

RAX=0x000000001cb419b0 is an unknown value
RBX=0x000000001cb41968 is an unknown value
RCX=0x000000001cb41968 is an unknown value
RDX=0x0000000017e63560 is an unknown value
RSP=0x000000001620bba8 is pointing into the stack for thread: 0x00000000144a6000
RBP=0x000000001620bc20 is pointing into the stack for thread: 0x00000000144a6000
RSI=0x0000000000000010 is an unknown value
RDI=0x0000000000000049 is an unknown value
R8 =0x00000000000000c1 is an unknown value
R9 =0x0000000000000002 is an unknown value
R10=0x000000001aca19d8 is an unknown value
R11=0x0000000017e63da0 is an unknown value
R12=0x0000000000000002 is an unknown value
R13=0x0000000000000003 is an unknown value
R14=0x000000001cb40d48 is an unknown value
R15=0x000000001ae41588 is an unknown value


Stack: [0x0000000016110000,0x0000000016210000],  sp=0x000000001620bba8,  free space=1006k
Native frames: (J=compiled Java code, j=interpreted, Vv=VM code, C=native code)
C  0x000000001cb41440


Current CompileTask:
C2:  27311 4271       4       java.lang.Class::privateGetMethodRecursive (130 bytes)


---------------  P R O C E S S  ---------------

Java Threads: ( => current thread )
  0x000000001a566000 JavaThread "Cache worker for Build Output Cleanup Cache (C:\ali\fardeen\native practice\todoApp\android\.gradle\buildOutputCleanup)" [_thread_blocked, id=8000, stack(0x000000001f990000,0x000000001fa90000)]
  0x000000001a564000 JavaThread "Build operations Thread 6" [_thread_blocked, id=460, stack(0x000000001e2c0000,0x000000001e3c0000)]
  0x000000001a563000 JavaThread "Build operations Thread 5" [_thread_blocked, id=7000, stack(0x000000001e1c0000,0x000000001e2c0000)]
  0x000000001a560000 JavaThread "Build operations Thread 4" [_thread_blocked, id=1712, stack(0x000000001e0c0000,0x000000001e1c0000)]
  0x000000001a562800 JavaThread "Build operations Thread 3" [_thread_blocked, id=1720, stack(0x000000001dfc0000,0x000000001e0c0000)]
  0x000000001a561800 JavaThread "Build operations Thread 2" [_thread_blocked, id=2984, stack(0x000000001dec0000,0x000000001dfc0000)]
  0x000000001a55e800 JavaThread "Build operations" [_thread_blocked, id=5564, stack(0x000000001ddc0000,0x000000001dec0000)]
  0x0000000017b10000 JavaThread "Cache worker for execution history cache (C:\Users\Ali-PC\.gradle\caches\5.5\executionHistory)" [_thread_blocked, id=5948, stack(0x000000001dac0000,0x000000001dbc0000)]
  0x0000000017b0d000 JavaThread "Cache worker for cache directory md-rule (C:\Users\Ali-PC\.gradle\caches\5.5\md-rule)" [_thread_blocked, id=4580, stack(0x000000001d7c0000,0x000000001d8c0000)]
  0x0000000017b0e000 JavaThread "Cache worker for cache directory md-supplier (C:\Users\Ali-PC\.gradle\caches\5.5\md-supplier)" [_thread_blocked, id=184, stack(0x000000001d6c0000,0x000000001d7c0000)]
  0x0000000017b11000 JavaThread "Cache worker for file hash cache (C:\ali\fardeen\native practice\todoApp\android\.gradle\5.5\fileHashes)" [_thread_blocked, id=7324, stack(0x000000001b9f0000,0x000000001baf0000)]
  0x0000000017b13000 JavaThread "Cache worker for journal cache (C:\Users\Ali-PC\.gradle\caches\journal-1)" [_thread_blocked, id=4488, stack(0x0000000019750000,0x0000000019850000)]
  0x0000000017b0e800 JavaThread "File lock request listener" [_thread_in_native, id=6868, stack(0x0000000019650000,0x0000000019750000)]
  0x0000000017b14000 JavaThread "Cache worker for file hash cache (C:\Users\Ali-PC\.gradle\caches\5.5\fileHashes)" [_thread_blocked, id=8020, stack(0x0000000019450000,0x0000000019550000)]
  0x0000000017a26000 JavaThread "Thread-9" [_thread_blocked, id=6200, stack(0x0000000019350000,0x0000000019450000)]
  0x0000000017a5f000 JavaThread "Stdin handler" [_thread_blocked, id=224, stack(0x0000000019050000,0x0000000019150000)]
  0x0000000017a5e000 JavaThread "Asynchronous log dispatcher for DefaultDaemonConnection: socket connection from /127.0.0.1:51308 to /127.0.0.1:51309" [_thread_blocked, id=2624, stack(0x0000000018f50000,0x0000000019050000)]
  0x0000000017a05000 JavaThread "Daemon worker" [_thread_in_native, id=7020, stack(0x0000000018e50000,0x0000000018f50000)]
  0x0000000017a04000 JavaThread "Cancel handler" [_thread_blocked, id=4640, stack(0x0000000018d50000,0x0000000018e50000)]
  0x00000000179ed000 JavaThread "Handler for socket connection from /127.0.0.1:51308 to /127.0.0.1:51309" [_thread_in_native, id=4008, stack(0x0000000018c50000,0x0000000018d50000)]
  0x00000000179ec800 JavaThread "Daemon" [_thread_blocked, id=6192, stack(0x0000000018b50000,0x0000000018c50000)]
  0x0000000017997800 JavaThread "Daemon periodic checks" [_thread_blocked, id=1140, stack(0x0000000018a50000,0x0000000018b50000)]
  0x0000000016df1000 JavaThread "Incoming local TCP Connector on port 51308" [_thread_in_native, id=2320, stack(0x0000000018820000,0x0000000018920000)]
  0x0000000016443800 JavaThread "Daemon health stats" [_thread_blocked, id=2280, stack(0x00000000181e0000,0x00000000182e0000)]
  0x0000000016481800 JavaThread "Service Thread" daemon [_thread_blocked, id=4352, stack(0x0000000016810000,0x0000000016910000)]
  0x00000000144aa000 JavaThread "C1 CompilerThread2" daemon [_thread_blocked, id=8936, stack(0x0000000016310000,0x0000000016410000)]
  0x00000000144a8000 JavaThread "C2 CompilerThread1" daemon [_thread_in_native, id=2212, stack(0x0000000016210000,0x0000000016310000)]
=>0x00000000144a6000 JavaThread "C2 CompilerThread0" daemon [_thread_in_native, id=1056, stack(0x0000000016110000,0x0000000016210000)]
  0x00000000144a2000 JavaThread "Attach Listener" daemon [_thread_blocked, id=3996, stack(0x0000000016010000,0x0000000016110000)]
  0x00000000144b3000 JavaThread "Signal Dispatcher" daemon [_thread_blocked, id=3808, stack(0x0000000015f10000,0x0000000016010000)]
  0x0000000014491800 JavaThread "Finalizer" daemon [_thread_blocked, id=6840, stack(0x0000000015d20000,0x0000000015e20000)]
  0x000000001446a800 JavaThread "Reference Handler" daemon [_thread_blocked, id=8456, stack(0x0000000015c20000,0x0000000015d20000)]
  0x0000000002df3800 JavaThread "main" [_thread_blocked, id=7152, stack(0x0000000002cf0000,0x0000000002df0000)]

Other Threads:
  0x0000000014469800 VMThread [stack: 0x0000000015b20000,0x0000000015c20000] [id=6420]
  0x00000000164bd000 WatcherThread [stack: 0x0000000016910000,0x0000000016a10000] [id=1676]

VM state:not at safepoint (normal execution)

VM Mutex/Monitor currently owned by a thread: None

Heap:
 PSYoungGen      total 159232K, used 111903K [0x00000000f5580000, 0x0000000100000000, 0x0000000100000000)
  eden space 145920K, 67% used [0x00000000f5580000,0x00000000fb6557b0,0x00000000fe400000)
  from space 13312K, 95% used [0x00000000ff300000,0x00000000fff725f8,0x0000000100000000)
  to   space 14336K, 0% used [0x00000000fe400000,0x00000000fe400000,0x00000000ff200000)
 ParOldGen       total 175104K, used 15864K [0x00000000e0000000, 0x00000000eab00000, 0x00000000f5580000)
  object space 175104K, 9% used [0x00000000e0000000,0x00000000e0f7e1a0,0x00000000eab00000)
 Metaspace       used 49190K, capacity 50550K, committed 50904K, reserved 1093632K
  class space    used 6855K, capacity 7262K, committed 7384K, reserved 1048576K

Card table byte_map: [0x00000000122b0000,0x00000000123c0000] byte_map_base: 0x0000000011bb0000

Marking Bits: (ParMarkBitMap*) 0x000000005e85d850
 Begin Bits: [0x00000000129c0000, 0x00000000131c0000)
 End Bits:   [0x00000000131c0000, 0x00000000139c0000)

Polling page: 0x0000000001370000

CodeCache: size=245760Kb used=14662Kb max_used=14662Kb free=231097Kb
 bounds [0x0000000002ef0000, 0x0000000003d50000, 0x0000000011ef0000]
 total_blobs=4744 nmethods=3960 adapters=696
 compilation: enabled

Compilation events (10 events):
Event: 27.105 Thread 0x00000000144aa000 4338       3       com.sun.xml.bind.v2.model.nav.ReflectionNavigator::asDecl (9 bytes)
Event: 27.105 Thread 0x00000000144aa000 nmethod 4338 0x0000000003d49a50 code [0x0000000003d49be0, 0x0000000003d4a1a8]
Event: 27.105 Thread 0x00000000144aa000 4339       3       com.sun.xml.bind.v2.model.nav.ReflectionNavigator::asDecl (6 bytes)
Event: 27.106 Thread 0x00000000144aa000 nmethod 4339 0x0000000003d4a310 code [0x0000000003d4a480, 0x0000000003d4a868]
Event: 27.106 Thread 0x00000000144aa000 4340       3       com.sun.xml.bind.v2.model.impl.FieldPropertySeed::hasAnnotation (18 bytes)
Event: 27.106 Thread 0x00000000144aa000 nmethod 4340 0x0000000003d4a950 code [0x0000000003d4aac0, 0x0000000003d4adc8]
Event: 27.121 Thread 0x00000000144aa000 4341       3       com.sun.xml.bind.v2.model.nav.ReflectionNavigator::use (9 bytes)
Event: 27.122 Thread 0x00000000144aa000 nmethod 4341 0x0000000003d4af10 code [0x0000000003d4b080, 0x0000000003d4b390]
Event: 27.122 Thread 0x00000000144aa000 4342       3       com.sun.xml.bind.v2.model.nav.ReflectionNavigator::use (2 bytes)
Event: 27.122 Thread 0x00000000144aa000 nmethod 4342 0x0000000003d4b450 code [0x0000000003d4b5a0, 0x0000000003d4b6f0]

GC Heap History (10 events):
Event: 17.129 GC heap before
{Heap before GC invocations=6 (full 1):
 PSYoungGen      total 76288K, used 73537K [0x00000000f5580000, 0x00000000fbf80000, 0x0000000100000000)
  eden space 65536K, 100% used [0x00000000f5580000,0x00000000f9580000,0x00000000f9580000)
  from space 10752K, 74% used [0x00000000fa000000,0x00000000fa7d0420,0x00000000faa80000)
  to   space 10752K, 0% used [0x00000000f9580000,0x00000000f9580000,0x00000000fa000000)
 ParOldGen       total 175104K, used 10877K [0x00000000e0000000, 0x00000000eab00000, 0x00000000f5580000)
  object space 175104K, 6% used [0x00000000e0000000,0x00000000e0a9f7e0,0x00000000eab00000)
 Metaspace       used 31092K, capacity 31670K, committed 32000K, reserved 1077248K
  class space    used 4342K, capacity 4593K, committed 4608K, reserved 1048576K
Event: 17.138 GC heap after
Heap after GC invocations=6 (full 1):
 PSYoungGen      total 76288K, used 10116K [0x00000000f5580000, 0x00000000fc780000, 0x0000000100000000)
  eden space 65536K, 0% used [0x00000000f5580000,0x00000000f5580000,0x00000000f9580000)
  from space 10752K, 94% used [0x00000000f9580000,0x00000000f9f610f8,0x00000000fa000000)
  to   space 12800K, 0% used [0x00000000fbb00000,0x00000000fbb00000,0x00000000fc780000)
 ParOldGen       total 175104K, used 10885K [0x00000000e0000000, 0x00000000eab00000, 0x00000000f5580000)
  object space 175104K, 6% used [0x00000000e0000000,0x00000000e0aa17e0,0x00000000eab00000)
 Metaspace       used 31092K, capacity 31670K, committed 32000K, reserved 1077248K
  class space    used 4342K, capacity 4593K, committed 4608K, reserved 1048576K
}
Event: 18.383 GC heap before
{Heap before GC invocations=7 (full 1):
 PSYoungGen      total 76288K, used 75652K [0x00000000f5580000, 0x00000000fc780000, 0x0000000100000000)
  eden space 65536K, 100% used [0x00000000f5580000,0x00000000f9580000,0x00000000f9580000)
  from space 10752K, 94% used [0x00000000f9580000,0x00000000f9f610f8,0x00000000fa000000)
  to   space 12800K, 0% used [0x00000000fbb00000,0x00000000fbb00000,0x00000000fc780000)
 ParOldGen       total 175104K, used 10885K [0x00000000e0000000, 0x00000000eab00000, 0x00000000f5580000)
  object space 175104K, 6% used [0x00000000e0000000,0x00000000e0aa17e0,0x00000000eab00000)
 Metaspace       used 34551K, capacity 35314K, committed 35328K, reserved 1079296K
  class space    used 4869K, capacity 5106K, committed 5120K, reserved 1048576K
Event: 18.397 GC heap after
Heap after GC invocations=7 (full 1):
 PSYoungGen      total 102912K, used 11566K [0x00000000f5580000, 0x00000000fce00000, 0x0000000100000000)
  eden space 90112K, 0% used [0x00000000f5580000,0x00000000f5580000,0x00000000fad80000)
  from space 12800K, 90% used [0x00000000fbb00000,0x00000000fc64b888,0x00000000fc780000)
  to   space 13824K, 0% used [0x00000000fad80000,0x00000000fad80000,0x00000000fbb00000)
 ParOldGen       total 175104K, used 10893K [0x00000000e0000000, 0x00000000eab00000, 0x00000000f5580000)
  object space 175104K, 6% used [0x00000000e0000000,0x00000000e0aa37e0,0x00000000eab00000)
 Metaspace       used 34551K, capacity 35314K, committed 35328K, reserved 1079296K
  class space    used 4869K, capacity 5106K, committed 5120K, reserved 1048576K
}
Event: 18.413 GC heap before
{Heap before GC invocations=8 (full 1):
 PSYoungGen      total 102912K, used 13258K [0x00000000f5580000, 0x00000000fce00000, 0x0000000100000000)
  eden space 90112K, 1% used [0x00000000f5580000,0x00000000f5727320,0x00000000fad80000)
  from space 12800K, 90% used [0x00000000fbb00000,0x00000000fc64b888,0x00000000fc780000)
  to   space 13824K, 0% used [0x00000000fad80000,0x00000000fad80000,0x00000000fbb00000)
 ParOldGen       total 175104K, used 10893K [0x00000000e0000000, 0x00000000eab00000, 0x00000000f5580000)
  object space 175104K, 6% used [0x00000000e0000000,0x00000000e0aa37e0,0x00000000eab00000)
 Metaspace       used 34611K, capacity 35346K, committed 35416K, reserved 1079296K
  class space    used 4880K, capacity 5138K, committed 5208K, reserved 1048576K
Event: 18.422 GC heap after
Heap after GC invocations=8 (full 1):
 PSYoungGen      total 103936K, used 8768K [0x00000000f5580000, 0x0000000100000000, 0x0000000100000000)
  eden space 90112K, 0% used [0x00000000f5580000,0x00000000f5580000,0x00000000fad80000)
  from space 13824K, 63% used [0x00000000fad80000,0x00000000fb6100b0,0x00000000fbb00000)
  to   space 13312K, 0% used [0x00000000ff300000,0x00000000ff300000,0x0000000100000000)
 ParOldGen       total 175104K, used 10893K [0x00000000e0000000, 0x00000000eab00000, 0x00000000f5580000)
  object space 175104K, 6% used [0x00000000e0000000,0x00000000e0aa37e0,0x00000000eab00000)
 Metaspace       used 34611K, capacity 35346K, committed 35416K, reserved 1079296K
  class space    used 4880K, capacity 5138K, committed 5208K, reserved 1048576K
}
Event: 18.422 GC heap before
{Heap before GC invocations=9 (full 2):
 PSYoungGen      total 103936K, used 8768K [0x00000000f5580000, 0x0000000100000000, 0x0000000100000000)
  eden space 90112K, 0% used [0x00000000f5580000,0x00000000f5580000,0x00000000fad80000)
  from space 13824K, 63% used [0x00000000fad80000,0x00000000fb6100b0,0x00000000fbb00000)
  to   space 13312K, 0% used [0x00000000ff300000,0x00000000ff300000,0x0000000100000000)
 ParOldGen       total 175104K, used 10893K [0x00000000e0000000, 0x00000000eab00000, 0x00000000f5580000)
  object space 175104K, 6% used [0x00000000e0000000,0x00000000e0aa37e0,0x00000000eab00000)
 Metaspace       used 34611K, capacity 35346K, committed 35416K, reserved 1079296K
  class space    used 4880K, capacity 5138K, committed 5208K, reserved 1048576K
Event: 18.484 GC heap after
Heap after GC invocations=9 (full 2):
 PSYoungGen      total 103936K, used 0K [0x00000000f5580000, 0x0000000100000000, 0x0000000100000000)
  eden space 90112K, 0% used [0x00000000f5580000,0x00000000f5580000,0x00000000fad80000)
  from space 13824K, 0% used [0x00000000fad80000,0x00000000fad80000,0x00000000fbb00000)
  to   space 13312K, 0% used [0x00000000ff300000,0x00000000ff300000,0x0000000100000000)
 ParOldGen       total 175104K, used 15856K [0x00000000e0000000, 0x00000000eab00000, 0x00000000f5580000)
  object space 175104K, 9% used [0x00000000e0000000,0x00000000e0f7c1a0,0x00000000eab00000)
 Metaspace       used 34596K, capacity 35298K, committed 35416K, reserved 1079296K
  class space    used 4876K, capacity 5130K, committed 5208K, reserved 1048576K
}
Event: 23.462 GC heap before
{Heap before GC invocations=10 (full 2):
 PSYoungGen      total 103936K, used 90112K [0x00000000f5580000, 0x0000000100000000, 0x0000000100000000)
  eden space 90112K, 100% used [0x00000000f5580000,0x00000000fad80000,0x00000000fad80000)
  from space 13824K, 0% used [0x00000000fad80000,0x00000000fad80000,0x00000000fbb00000)
  to   space 13312K, 0% used [0x00000000ff300000,0x00000000ff300000,0x0000000100000000)
 ParOldGen       total 175104K, used 15856K [0x00000000e0000000, 0x00000000eab00000, 0x00000000f5580000)
  object space 175104K, 9% used [0x00000000e0000000,0x00000000e0f7c1a0,0x00000000eab00000)
 Metaspace       used 44060K, capacity 45080K, committed 45400K, reserved 1087488K
  class space    used 6082K, capacity 6406K, committed 6488K, reserved 1048576K
Event: 23.479 GC heap after
Heap after GC invocations=10 (full 2):
 PSYoungGen      total 159232K, used 12745K [0x00000000f5580000, 0x0000000100000000, 0x0000000100000000)
  eden space 145920K, 0% used [0x00000000f5580000,0x00000000f5580000,0x00000000fe400000)
  from space 13312K, 95% used [0x00000000ff300000,0x00000000fff725f8,0x0000000100000000)
  to   space 14336K, 0% used [0x00000000fe400000,0x00000000fe400000,0x00000000ff200000)
 ParOldGen       total 175104K, used 15864K [0x00000000e0000000, 0x00000000eab00000, 0x00000000f5580000)
  object space 175104K, 9% used [0x00000000e0000000,0x00000000e0f7e1a0,0x00000000eab00000)
 Metaspace       used 44060K, capacity 45080K, committed 45400K, reserved 1087488K
  class space    used 6082K, capacity 6406K, committed 6488K, reserved 1048576K
}

Deoptimization events (10 events):
Event: 24.222 Thread 0x0000000017a05000 Uncommon trap: reason=unstable_if action=reinterpret pc=0x00000000037bbfa4 method=groovy.lang.MetaClassImpl.checkIfStdMethod(Lgroovy/lang/MetaMethod;)V @ 55
Event: 24.222 Thread 0x0000000017a05000 Uncommon trap: reason=unstable_if action=reinterpret pc=0x00000000037cd41c method=groovy.lang.MetaClassImpl.checkIfStdMethod(Lgroovy/lang/MetaMethod;)V @ 55
Event: 24.222 Thread 0x0000000017a05000 Uncommon trap: reason=unstable_if action=reinterpret pc=0x0000000003bec6e4 method=org.codehaus.groovy.runtime.metaclass.MetaMethodIndex.copyNonPrivateNonNewMetaMethods(Lorg/codehaus/groovy/runtime/metaclass/MetaMethodIndex$Entry;Lorg/codehaus/groovy/runti
Event: 24.222 Thread 0x0000000017a05000 Uncommon trap: reason=unstable_if action=reinterpret pc=0x0000000003847920 method=groovy.lang.MetaClassImpl$1MOPIter.methodNameAction(Ljava/lang/Class;Lorg/codehaus/groovy/runtime/metaclass/MetaMethodIndex$Entry;)V @ 182
Event: 24.564 Thread 0x0000000017a05000 Uncommon trap: reason=unstable_if action=reinterpret pc=0x0000000003766c6c method=org.codehaus.groovy.runtime.metaclass.MetaMethodIndex.addMethodToList(Ljava/lang/Object;Lgroovy/lang/MetaMethod;)Ljava/lang/Object; @ 256
Event: 26.108 Thread 0x0000000017a05000 Uncommon trap: reason=unstable_if action=reinterpret pc=0x00000000036447bc method=java.io.BufferedReader.readLine(Z)Ljava/lang/String; @ 192
Event: 26.263 Thread 0x0000000017a05000 Uncommon trap: reason=bimorphic action=maybe_recompile pc=0x0000000003bceafc method=java.util.regex.Pattern$5.isSatisfiedBy(I)Z @ 16
Event: 26.263 Thread 0x0000000017a05000 Uncommon trap: reason=bimorphic action=maybe_recompile pc=0x0000000003bceafc method=java.util.regex.Pattern$5.isSatisfiedBy(I)Z @ 16
Event: 26.263 Thread 0x0000000017a05000 Uncommon trap: reason=bimorphic action=maybe_recompile pc=0x0000000003bceafc method=java.util.regex.Pattern$5.isSatisfiedBy(I)Z @ 16
Event: 26.263 Thread 0x0000000017a05000 Uncommon trap: reason=bimorphic action=maybe_recompile pc=0x0000000003bceafc method=java.util.regex.Pattern$5.isSatisfiedBy(I)Z @ 16

Internal exceptions (10 events):
Event: 26.746 Thread 0x0000000017a05000 Exception <a 'sun/nio/fs/WindowsException'> (0x00000000fa04ca90) thrown at [C:\re\workspace\8-2-build-windows-amd64-cygwin\jdk8u144\9417\hotspot\src\share\vm\prims\jni.cpp, line 709]
Event: 26.746 Thread 0x0000000017a05000 Exception <a 'sun/nio/fs/WindowsException'> (0x00000000fa04da48) thrown at [C:\re\workspace\8-2-build-windows-amd64-cygwin\jdk8u144\9417\hotspot\src\share\vm\prims\jni.cpp, line 709]
Event: 26.746 Thread 0x0000000017a05000 Exception <a 'sun/nio/fs/WindowsException'> (0x00000000fa0501d0) thrown at [C:\re\workspace\8-2-build-windows-amd64-cygwin\jdk8u144\9417\hotspot\src\share\vm\prims\jni.cpp, line 709]
Event: 26.746 Thread 0x0000000017a05000 Exception <a 'sun/nio/fs/WindowsException'> (0x00000000fa0511c8) thrown at [C:\re\workspace\8-2-build-windows-amd64-cygwin\jdk8u144\9417\hotspot\src\share\vm\prims\jni.cpp, line 709]
Event: 26.747 Thread 0x0000000017a05000 Exception <a 'sun/nio/fs/WindowsException'> (0x00000000fa054ae8) thrown at [C:\re\workspace\8-2-build-windows-amd64-cygwin\jdk8u144\9417\hotspot\src\share\vm\prims\jni.cpp, line 709]
Event: 26.747 Thread 0x0000000017a05000 Exception <a 'sun/nio/fs/WindowsException'> (0x00000000fa055b18) thrown at [C:\re\workspace\8-2-build-windows-amd64-cygwin\jdk8u144\9417\hotspot\src\share\vm\prims\jni.cpp, line 709]
Event: 26.747 Thread 0x0000000017a05000 Exception <a 'sun/nio/fs/WindowsException'> (0x00000000fa058318) thrown at [C:\re\workspace\8-2-build-windows-amd64-cygwin\jdk8u144\9417\hotspot\src\share\vm\prims\jni.cpp, line 709]
Event: 26.747 Thread 0x0000000017a05000 Exception <a 'sun/nio/fs/WindowsException'> (0x00000000fa059388) thrown at [C:\re\workspace\8-2-build-windows-amd64-cygwin\jdk8u144\9417\hotspot\src\share\vm\prims\jni.cpp, line 709]
Event: 26.832 Thread 0x0000000017a05000 Exception <a 'java/lang/ClassNotFoundException': com/sun/org/glassfish/hk2/osgiresourcelocator/ServiceLoader> (0x00000000fa0b9a60) thrown at [C:\re\workspace\8-2-build-windows-amd64-cygwin\jdk8u144\9417\hotspot\src\share\vm\classfile\systemDictionary.cpp,
Event: 26.931 Thread 0x0000000017a05000 Exception <a 'java/lang/NullPointerException'> (0x00000000fa595a08) thrown at [C:\re\workspace\8-2-build-windows-amd64-cygwin\jdk8u144\9417\hotspot\src\share\vm\interpreter\linkResolver.cpp, line 1299]

Events (10 events):
Event: 27.120 loading class com/sun/xml/bind/v2/runtime/FilterTransducer
Event: 27.120 loading class com/sun/xml/bind/v2/runtime/FilterTransducer done
Event: 27.121 loading class com/sun/xml/bind/v2/runtime/SchemaTypeTransducer
Event: 27.121 loading class com/sun/xml/bind/v2/runtime/SchemaTypeTransducer done
Event: 27.122 loading class com/sun/xml/bind/v2/runtime/unmarshaller/Loader
Event: 27.122 loading class com/sun/xml/bind/v2/runtime/unmarshaller/Loader done
Event: 27.123 loading class com/sun/xml/bind/v2/runtime/unmarshaller/TextLoader
Event: 27.123 loading class com/sun/xml/bind/v2/runtime/unmarshaller/TextLoader done
Event: 27.123 loading class com/sun/xml/bind/v2/runtime/unmarshaller/XsiTypeLoader
Event: 27.123 loading class com/sun/xml/bind/v2/runtime/unmarshaller/XsiTypeLoader done


Dynamic libraries:
0x00007ff664840000 - 0x00007ff664877000 	C:\Program Files\Java\jdk1.8.0_144\bin\java.exe
0x00007ff95ecb0000 - 0x00007ff95ee8b000 	C:\Windows\SYSTEM32\ntdll.dll
0x00007ff95e500000 - 0x00007ff95e5ae000 	C:\Windows\System32\KERNEL32.DLL
0x00007ff95b1d0000 - 0x00007ff95b419000 	C:\Windows\System32\KERNELBASE.dll
0x00007ff95ec00000 - 0x00007ff95eca1000 	C:\Windows\System32\ADVAPI32.dll
0x00007ff95eb60000 - 0x00007ff95ebfd000 	C:\Windows\System32\msvcrt.dll
0x00007ff95c210000 - 0x00007ff95c269000 	C:\Windows\System32\sechost.dll
0x00007ff95e280000 - 0x00007ff95e3a5000 	C:\Windows\System32\RPCRT4.dll
0x00007ff95d880000 - 0x00007ff95d9ca000 	C:\Windows\System32\USER32.dll
0x00007ff95b420000 - 0x00007ff95b43e000 	C:\Windows\System32\win32u.dll
0x00007ff95e470000 - 0x00007ff95e497000 	C:\Windows\System32\GDI32.dll
0x00007ff95bfd0000 - 0x00007ff95c159000 	C:\Windows\System32\gdi32full.dll
0x00007ff95b660000 - 0x00007ff95b6fa000 	C:\Windows\System32\msvcp_win.dll
0x00007ff95b4f0000 - 0x00007ff95b5e6000 	C:\Windows\System32\ucrtbase.dll
0x00007ff94d860000 - 0x00007ff94dac7000 	C:\Windows\WinSxS\amd64_microsoft.windows.common-controls_6595b64144ccf1df_6.0.15063.0_none_108e4f62dfe5d999\COMCTL32.dll
0x00007ff95d9d0000 - 0x00007ff95dcc9000 	C:\Windows\System32\combase.dll
0x00007ff95b5f0000 - 0x00007ff95b65a000 	C:\Windows\System32\bcryptPrimitives.dll
0x00007ff95eb30000 - 0x00007ff95eb5d000 	C:\Windows\System32\IMM32.DLL
0x000000005e8e0000 - 0x000000005e9b2000 	C:\Program Files\Java\jdk1.8.0_144\jre\bin\msvcr100.dll
0x000000005e040000 - 0x000000005e8dd000 	C:\Program Files\Java\jdk1.8.0_144\jre\bin\server\jvm.dll
0x00007ff95eb20000 - 0x00007ff95eb28000 	C:\Windows\System32\PSAPI.DLL
0x00007ff956d70000 - 0x00007ff956d7a000 	C:\Windows\SYSTEM32\VERSION.dll
0x00007ff952080000 - 0x00007ff952089000 	C:\Windows\SYSTEM32\WSOCK32.dll
0x00007ff958350000 - 0x00007ff958373000 	C:\Windows\SYSTEM32\WINMM.dll
0x00007ff95e7c0000 - 0x00007ff95e82c000 	C:\Windows\System32\WS2_32.dll
0x00007ff958320000 - 0x00007ff95834b000 	C:\Windows\SYSTEM32\WINMMBASE.dll
0x00007ff95b440000 - 0x00007ff95b489000 	C:\Windows\System32\cfgmgr32.dll
0x000000005e030000 - 0x000000005e03f000 	C:\Program Files\Java\jdk1.8.0_144\jre\bin\verify.dll
0x000000005e000000 - 0x000000005e029000 	C:\Program Files\Java\jdk1.8.0_144\jre\bin\java.dll
0x000000005dfe0000 - 0x000000005dff6000 	C:\Program Files\Java\jdk1.8.0_144\jre\bin\zip.dll
0x00007ff95c270000 - 0x00007ff95d6a7000 	C:\Windows\System32\SHELL32.dll
0x00007ff95ea70000 - 0x00007ff95eb1a000 	C:\Windows\System32\shcore.dll
0x00007ff95b700000 - 0x00007ff95bdf2000 	C:\Windows\System32\windows.storage.dll
0x00007ff95e830000 - 0x00007ff95e881000 	C:\Windows\System32\shlwapi.dll
0x00007ff95b170000 - 0x00007ff95b181000 	C:\Windows\System32\kernel.appcore.dll
0x00007ff95b120000 - 0x00007ff95b16c000 	C:\Windows\System32\powrprof.dll
0x00007ff95b190000 - 0x00007ff95b1a5000 	C:\Windows\System32\profapi.dll
0x000000005dfc0000 - 0x000000005dfda000 	C:\Program Files\Java\jdk1.8.0_144\jre\bin\net.dll
0x00007ff95a9d0000 - 0x00007ff95aa2c000 	C:\Windows\system32\mswsock.dll
0x000000005dfa0000 - 0x000000005dfb1000 	C:\Program Files\Java\jdk1.8.0_144\jre\bin\nio.dll
0x00007ff952050000 - 0x00007ff952076000 	C:\Users\Ali-PC\.gradle\native\29\windows-amd64\native-platform.dll
0x000000005df90000 - 0x000000005df9d000 	C:\Program Files\Java\jdk1.8.0_144\jre\bin\management.dll
0x00007ff95ab70000 - 0x00007ff95ab87000 	C:\Windows\SYSTEM32\CRYPTSP.dll
0x00007ff95a5f0000 - 0x00007ff95a624000 	C:\Windows\system32\rsaenh.dll
0x00007ff95af50000 - 0x00007ff95af75000 	C:\Windows\SYSTEM32\bcrypt.dll
0x00007ff95b050000 - 0x00007ff95b079000 	C:\Windows\SYSTEM32\USERENV.dll
0x00007ff95ab90000 - 0x00007ff95ab9b000 	C:\Windows\SYSTEM32\CRYPTBASE.dll
0x00007ff95a770000 - 0x00007ff95a7a7000 	C:\Windows\SYSTEM32\IPHLPAPI.DLL
0x00007ff95e750000 - 0x00007ff95e758000 	C:\Windows\System32\NSI.dll
0x00007ff956350000 - 0x00007ff956366000 	C:\Windows\SYSTEM32\dhcpcsvc6.DLL
0x00007ff956330000 - 0x00007ff95634a000 	C:\Windows\SYSTEM32\dhcpcsvc.DLL
0x00007ff953740000 - 0x00007ff9538e9000 	C:\Windows\SYSTEM32\dbghelp.dll

VM Arguments:
jvm_args: -XX:MaxMetaspaceSize=256m -XX:+HeapDumpOnOutOfMemoryError -Xms256m -Xmx512m -Dfile.encoding=windows-1252 -Duser.country=US -Duser.language=en -Duser.variant 
java_command: org.gradle.launcher.daemon.bootstrap.GradleDaemon 5.5
java_class_path (initial): C:\Users\Ali-PC\.gradle\wrapper\dists\gradle-5.5-all\byeise1led9a3w3p149d02kfj\gradle-5.5\lib\gradle-launcher-5.5.jar
Launcher Type: SUN_STANDARD

Environment Variables:
JAVA_HOME=C:\Program Files\Java\jdk1.8.0_144
CLASSPATH=C:\ali\fardeen\native practice\todoApp\android\\gradle\wrapper\gradle-wrapper.jar
PATH=C:\Program Files\nodejs\node_modules\npm\node_modules\npm-lifecycle\node-gyp-bin;C:\ali\fardeen\native practice\todoApp\node_modules\.bin;C:\ProgramData\Oracle\Java\javapath;C:\Windows\system32;C:\Windows;C:\Windows\System32\Wbem;C:\Windows\System32\WindowsPowerShell\v1.0\;C:\Program Files\nodejs\;C:\Program Files\Git\cmd;C:\Users\Ali-PC\AppData\Local\Microsoft\WindowsApps;C:\Users\Ali-PC\AppData\Local\Programs\Microsoft VS Code\bin;C:\Users\Ali-PC\AppData\Roaming\npm;c:\Users\Ali-PC\AppData\Local\Android\Sdk\platform-tools;
USERNAME=Ali-PC
OS=Windows_NT
PROCESSOR_IDENTIFIER=AMD64 Family 21 Model 1 Stepping 2, AuthenticAMD



---------------  S Y S T E M  ---------------

OS: Windows 10.0 , 64 bit Build 15063 (10.0.15063.0)

CPU:total 6 (initial active 6) (6 cores per cpu, 1 threads per core) family 21 model 1 stepping 2, cmov, cx8, fxsr, mmx, sse, sse2, sse3, ssse3, sse4.1, sse4.2, popcnt, avx, aes, clmul, mmxext, 3dnowpref, lzcnt, sse4a, tsc, tscinvbit, tscinv

Memory: 4k page, physical 6241672k(2609960k free), swap 7945608k(3064028k free)

vm_info: Java HotSpot(TM) 64-Bit Server VM (25.144-b01) for windows-amd64 JRE (1.8.0_144-b01), built on Jul 21 2017 21:57:33 by "java_re" with MS VC++ 10.0 (VS2010)

time: Fri Sep 27 03:05:58 2019
elapsed time: 27 seconds (0d 0h 0m 27s)

